<?xml version="1.0" encoding="UTF-8"?>
<!-- Generated by org.testng.reporters.JUnitReportReporter -->
<testsuite hostname="LTCH-5CD141CTDF" failures="0" tests="4" name="testrunners.AdminLoginTest" time="28.725" errors="0" timestamp="2023-10-09T17:32:45 IST" skipped="0">
  <testcase classname="testrunners.AdminLoginTest" name="runScenario" time="10.073"/>
  <testcase classname="testrunners.AdminLoginTest" name="runScenario" time="6.512"/>
  <testcase classname="testrunners.AdminLoginTest" name="runScenario" time="6.004"/>
  <testcase classname="testrunners.AdminLoginTest" name="runScenario" time="6.136"/>
</testsuite> <!-- testrunners.AdminLoginTest -->
