<?xml version="1.0" encoding="UTF-8"?>
<!-- Generated by org.testng.reporters.JUnitReportReporter -->
<testsuite hostname="LTCH-5CD141CTDF" failures="0" tests="4" name="testrunners.AdminLoginTest" time="40.445" errors="0" timestamp="2023-10-10T12:01:41 IST" skipped="0">
  <testcase classname="testrunners.AdminLoginTest" name="runScenario" time="7.798"/>
  <testcase classname="testrunners.AdminLoginTest" name="runScenario" time="7.798"/>
  <testcase classname="testrunners.AdminLoginTest" name="runScenario" time="8.312"/>
  <testcase classname="testrunners.AdminLoginTest" name="runScenario" time="16.537"/>
</testsuite> <!-- testrunners.AdminLoginTest -->
