<?xml version="1.0" encoding="UTF-8"?>
<!-- Generated by org.testng.reporters.JUnitReportReporter -->
<testsuite hostname="LTCH-5CD141CTDF" failures="0" tests="1" name="testrunners.empCreationTest" time="12.773" errors="0" timestamp="2023-10-09T17:32:45 IST" skipped="0">
  <testcase classname="testrunners.empCreationTest" name="runScenario" time="12.773"/>
</testsuite> <!-- testrunners.empCreationTest -->
