<?xml version="1.0" encoding="UTF-8"?>
<!-- Generated by org.testng.reporters.JUnitReportReporter -->
<testsuite hostname="LTCH-5CD141CTDF" failures="0" tests="1" name="testrunners.empCreationTest" time="17.155" errors="0" timestamp="2023-10-10T12:01:41 IST" skipped="0">
  <testcase classname="testrunners.empCreationTest" name="runScenario" time="17.155"/>
</testsuite> <!-- testrunners.empCreationTest -->
