<?xml version="1.0" encoding="UTF-8"?>
<!-- Generated by org.testng.reporters.JUnitReportReporter -->
<testsuite hostname="LTCH-5CD141CTDF" failures="0" tests="1" name="testrunners.empCreationTest" time="17.776" errors="0" timestamp="2023-10-09T19:26:34 IST" skipped="0">
  <testcase classname="testrunners.empCreationTest" name="runScenario" time="17.776"/>
</testsuite> <!-- testrunners.empCreationTest -->
