<?xml version="1.0" encoding="UTF-8"?>
<!-- Generated by org.testng.reporters.JUnitReportReporter -->
<testsuite hostname="LTCH-5CD141CTDF" failures="0" tests="4" name="testrunners.AdminLoginTest" time="43.922" errors="0" timestamp="2023-10-09T19:26:34 IST" skipped="0">
  <testcase classname="testrunners.AdminLoginTest" name="runScenario" time="7.949"/>
  <testcase classname="testrunners.AdminLoginTest" name="runScenario" time="8.826"/>
  <testcase classname="testrunners.AdminLoginTest" name="runScenario" time="18.890"/>
  <testcase classname="testrunners.AdminLoginTest" name="runScenario" time="8.257"/>
</testsuite> <!-- testrunners.AdminLoginTest -->
